生成启动时间为 2014/7/27 10:33:46。
     1>项目“D:\visual studio 2010 Projects\CZPlayer3.0\CZPlayer3.0\libogg\libogg.vcxproj”在节点 2 上(rebuild 个目标)。
     1>_PrepareForClean:
         正在删除文件“Debug\libogg.lastbuildstate”。
       InitializeBuildStatus:
         正在创建“Debug\libogg.unsuccessfulbuild”，因为已指定“AlwaysCreate”。
       ClCompile:
         F:\Microsoft Visual Studio 10.0\vs2010\VC\bin\CL.exe /c /I. /ZI /nologo /W4 /WX- /Od /Oy- /D WIN32 /D _DEBUG /D _WINDOWS /D _USRDLL /D LIBOGG_EXPORTS /D _CRT_SECURE_NO_WARNINGS /D _VC80_UPGRADE=0x0710 /D _MBCS /Gm /EHsc /RTC1 /MTd /GS /fp:precise /Zc:wchar_t /Zc:forScope /Fo"Debug\\" /Fd"Debug\vc100.pdb" /Gd /TC /analyze- /errorReport:prompt bitwise.c framing.c
         framing.c
         bitwise.c
         正在生成代码...
       Lib:
         F:\Microsoft Visual Studio 10.0\vs2010\VC\bin\Lib.exe /OUT:"D:\visual studio 2010 Projects\CZPlayer3.0\\libogg.lib" /NOLOGO Debug\bitwise.obj
         Debug\framing.obj
         libogg.vcxproj -> D:\visual studio 2010 Projects\CZPlayer3.0\libogg.lib
       FinalizeBuildStatus:
         正在删除文件“Debug\libogg.unsuccessfulbuild”。
         正在对“Debug\libogg.lastbuildstate”执行 Touch 任务。
     1>已完成生成项目“D:\visual studio 2010 Projects\CZPlayer3.0\CZPlayer3.0\libogg\libogg.vcxproj”(rebuild 个目标)的操作。

生成成功。

已用时间 00:00:01.32
