D:\VISUAL STUDIO 2010 PROJECTS\CZPLAYER3.0\CZPLAYER3.0\DECODINGLIB\LIBMAD.LIB
D:\visual studio 2010 Projects\CZPlayer3.0\CZPlayer3.0\libmad\msvc++\../../decodinglib\libmad.lib
D:\visual studio 2010 Projects\CZPlayer3.0\CZPlayer3.0\libmad\msvc++\cl.command.1.tlog
D:\visual studio 2010 Projects\CZPlayer3.0\CZPlayer3.0\libmad\msvc++\CL.read.1.tlog
D:\visual studio 2010 Projects\CZPlayer3.0\CZPlayer3.0\libmad\msvc++\CL.write.1.tlog
D:\visual studio 2010 Projects\CZPlayer3.0\CZPlayer3.0\libmad\msvc++\lib.command.1.tlog
D:\visual studio 2010 Projects\CZPlayer3.0\CZPlayer3.0\libmad\msvc++\Lib-link.read.1.tlog
D:\visual studio 2010 Projects\CZPlayer3.0\CZPlayer3.0\libmad\msvc++\Lib-link.write.1.tlog
D:\visual studio 2010 Projects\CZPlayer3.0\CZPlayer3.0\libmad\msvc++\libmad.write.1.tlog
D:\VISUAL STUDIO 2010 PROJECTS\CZPLAYER3.0\CZPLAYER3.0\LIBMAD\MSVC++\RELEASE\BIT.OBJ
D:\VISUAL STUDIO 2010 PROJECTS\CZPLAYER3.0\CZPLAYER3.0\LIBMAD\MSVC++\RELEASE\DECODER.OBJ
D:\VISUAL STUDIO 2010 PROJECTS\CZPLAYER3.0\CZPLAYER3.0\LIBMAD\MSVC++\RELEASE\FIXED.OBJ
D:\VISUAL STUDIO 2010 PROJECTS\CZPLAYER3.0\CZPLAYER3.0\LIBMAD\MSVC++\RELEASE\FRAME.OBJ
D:\VISUAL STUDIO 2010 PROJECTS\CZPLAYER3.0\CZPLAYER3.0\LIBMAD\MSVC++\RELEASE\HUFFMAN.OBJ
D:\VISUAL STUDIO 2010 PROJECTS\CZPLAYER3.0\CZPLAYER3.0\LIBMAD\MSVC++\RELEASE\LAYER12.OBJ
D:\VISUAL STUDIO 2010 PROJECTS\CZPLAYER3.0\CZPLAYER3.0\LIBMAD\MSVC++\RELEASE\LAYER3.OBJ
D:\VISUAL STUDIO 2010 PROJECTS\CZPLAYER3.0\CZPLAYER3.0\LIBMAD\MSVC++\RELEASE\STREAM.OBJ
D:\VISUAL STUDIO 2010 PROJECTS\CZPLAYER3.0\CZPLAYER3.0\LIBMAD\MSVC++\RELEASE\SYNTH.OBJ
D:\VISUAL STUDIO 2010 PROJECTS\CZPLAYER3.0\CZPLAYER3.0\LIBMAD\MSVC++\RELEASE\TIMER.OBJ
D:\VISUAL STUDIO 2010 PROJECTS\CZPLAYER3.0\CZPLAYER3.0\LIBMAD\MSVC++\RELEASE\VC100.PDB
D:\VISUAL STUDIO 2010 PROJECTS\CZPLAYER3.0\CZPLAYER3.0\LIBMAD\MSVC++\RELEASE\VERSION.OBJ
