D:\VISUAL STUDIO 2010 PROJECTS\CZPLAYER3.0\CZPLAYER3.0\DECODINGLIB\LIBVORBIS.LIB
D:\visual studio 2010 Projects\CZPlayer3.0\CZPlayer3.0\libvorbis\../decodinglib\libvorbis.lib
D:\VISUAL STUDIO 2010 PROJECTS\CZPLAYER3.0\CZPLAYER3.0\LIBVORBIS\ANALYSIS.OBJ
D:\VISUAL STUDIO 2010 PROJECTS\CZPLAYER3.0\CZPLAYER3.0\LIBVORBIS\BITRATE.OBJ
D:\VISUAL STUDIO 2010 PROJECTS\CZPLAYER3.0\CZPLAYER3.0\LIBVORBIS\BLOCK.OBJ
D:\visual studio 2010 Projects\CZPlayer3.0\CZPlayer3.0\libvorbis\cl.command.1.tlog
D:\visual studio 2010 Projects\CZPlayer3.0\CZPlayer3.0\libvorbis\CL.read.1.tlog
D:\visual studio 2010 Projects\CZPlayer3.0\CZPlayer3.0\libvorbis\CL.write.1.tlog
D:\VISUAL STUDIO 2010 PROJECTS\CZPLAYER3.0\CZPLAYER3.0\LIBVORBIS\CODEBOOK.OBJ
D:\VISUAL STUDIO 2010 PROJECTS\CZPLAYER3.0\CZPLAYER3.0\LIBVORBIS\ENVELOPE.OBJ
D:\VISUAL STUDIO 2010 PROJECTS\CZPLAYER3.0\CZPLAYER3.0\LIBVORBIS\FLOOR0.OBJ
D:\VISUAL STUDIO 2010 PROJECTS\CZPLAYER3.0\CZPLAYER3.0\LIBVORBIS\FLOOR1.OBJ
D:\VISUAL STUDIO 2010 PROJECTS\CZPLAYER3.0\CZPLAYER3.0\LIBVORBIS\INFO.OBJ
D:\visual studio 2010 Projects\CZPlayer3.0\CZPlayer3.0\libvorbis\lib.command.1.tlog
D:\visual studio 2010 Projects\CZPlayer3.0\CZPlayer3.0\libvorbis\Lib-link.read.1.tlog
D:\visual studio 2010 Projects\CZPlayer3.0\CZPlayer3.0\libvorbis\Lib-link.write.1.tlog
D:\visual studio 2010 Projects\CZPlayer3.0\CZPlayer3.0\libvorbis\libvorbis.write.1.tlog
D:\VISUAL STUDIO 2010 PROJECTS\CZPLAYER3.0\CZPLAYER3.0\LIBVORBIS\LOOKUP.OBJ
D:\VISUAL STUDIO 2010 PROJECTS\CZPLAYER3.0\CZPLAYER3.0\LIBVORBIS\LPC.OBJ
D:\VISUAL STUDIO 2010 PROJECTS\CZPLAYER3.0\CZPLAYER3.0\LIBVORBIS\LSP.OBJ
D:\VISUAL STUDIO 2010 PROJECTS\CZPLAYER3.0\CZPLAYER3.0\LIBVORBIS\MAPPING0.OBJ
D:\VISUAL STUDIO 2010 PROJECTS\CZPLAYER3.0\CZPLAYER3.0\LIBVORBIS\MDCT.OBJ
D:\VISUAL STUDIO 2010 PROJECTS\CZPLAYER3.0\CZPLAYER3.0\LIBVORBIS\PSY.OBJ
D:\VISUAL STUDIO 2010 PROJECTS\CZPLAYER3.0\CZPLAYER3.0\LIBVORBIS\REGISTRY.OBJ
D:\VISUAL STUDIO 2010 PROJECTS\CZPLAYER3.0\CZPLAYER3.0\LIBVORBIS\RES0.OBJ
D:\VISUAL STUDIO 2010 PROJECTS\CZPLAYER3.0\CZPLAYER3.0\LIBVORBIS\SHAREDBOOK.OBJ
D:\VISUAL STUDIO 2010 PROJECTS\CZPLAYER3.0\CZPLAYER3.0\LIBVORBIS\SMALLFT.OBJ
D:\VISUAL STUDIO 2010 PROJECTS\CZPLAYER3.0\CZPLAYER3.0\LIBVORBIS\SYNTHESIS.OBJ
D:\VISUAL STUDIO 2010 PROJECTS\CZPLAYER3.0\CZPLAYER3.0\LIBVORBIS\VC100.PDB
D:\VISUAL STUDIO 2010 PROJECTS\CZPLAYER3.0\CZPLAYER3.0\LIBVORBIS\VORBISENC.OBJ
D:\VISUAL STUDIO 2010 PROJECTS\CZPLAYER3.0\CZPLAYER3.0\LIBVORBIS\VORBISFILE.OBJ
D:\VISUAL STUDIO 2010 PROJECTS\CZPLAYER3.0\CZPLAYER3.0\LIBVORBIS\WINDOW.OBJ
