D:\VISUAL STUDIO 2010 PROJECTS\CZPLAYER3.0\CZPLAYER3.0\LIBMAD\MSVC++\DEBUG\BIT.OBJ
D:\visual studio 2010 Projects\CZPlayer3.0\CZPlayer3.0\libmad\msvc++\Debug\cl.command.1.tlog
D:\visual studio 2010 Projects\CZPlayer3.0\CZPlayer3.0\libmad\msvc++\Debug\CL.read.1.tlog
D:\visual studio 2010 Projects\CZPlayer3.0\CZPlayer3.0\libmad\msvc++\Debug\CL.write.1.tlog
D:\VISUAL STUDIO 2010 PROJECTS\CZPLAYER3.0\CZPLAYER3.0\LIBMAD\MSVC++\DEBUG\DECODER.OBJ
D:\VISUAL STUDIO 2010 PROJECTS\CZPLAYER3.0\CZPLAYER3.0\LIBMAD\MSVC++\DEBUG\FIXED.OBJ
D:\VISUAL STUDIO 2010 PROJECTS\CZPLAYER3.0\CZPLAYER3.0\LIBMAD\MSVC++\DEBUG\FRAME.OBJ
D:\VISUAL STUDIO 2010 PROJECTS\CZPLAYER3.0\CZPLAYER3.0\LIBMAD\MSVC++\DEBUG\HUFFMAN.OBJ
D:\VISUAL STUDIO 2010 PROJECTS\CZPLAYER3.0\CZPLAYER3.0\LIBMAD\MSVC++\DEBUG\LAYER12.OBJ
D:\VISUAL STUDIO 2010 PROJECTS\CZPLAYER3.0\CZPLAYER3.0\LIBMAD\MSVC++\DEBUG\LAYER3.OBJ
D:\visual studio 2010 Projects\CZPlayer3.0\CZPlayer3.0\libmad\msvc++\Debug\lib.command.1.tlog
D:\visual studio 2010 Projects\CZPlayer3.0\CZPlayer3.0\libmad\msvc++\Debug\Lib-link.read.1.tlog
D:\visual studio 2010 Projects\CZPlayer3.0\CZPlayer3.0\libmad\msvc++\Debug\Lib-link.write.1.tlog
D:\visual studio 2010 Projects\CZPlayer3.0\CZPlayer3.0\libmad\msvc++\Debug\libmad.write.1.tlog
D:\VISUAL STUDIO 2010 PROJECTS\CZPLAYER3.0\CZPLAYER3.0\LIBMAD\MSVC++\DEBUG\STREAM.OBJ
D:\VISUAL STUDIO 2010 PROJECTS\CZPLAYER3.0\CZPLAYER3.0\LIBMAD\MSVC++\DEBUG\SYNTH.OBJ
D:\VISUAL STUDIO 2010 PROJECTS\CZPLAYER3.0\CZPLAYER3.0\LIBMAD\MSVC++\DEBUG\TIMER.OBJ
D:\visual studio 2010 Projects\CZPlayer3.0\CZPlayer3.0\libmad\msvc++\Debug\vc100.idb
D:\VISUAL STUDIO 2010 PROJECTS\CZPLAYER3.0\CZPLAYER3.0\LIBMAD\MSVC++\DEBUG\VC100.PDB
D:\VISUAL STUDIO 2010 PROJECTS\CZPLAYER3.0\CZPLAYER3.0\LIBMAD\MSVC++\DEBUG\VERSION.OBJ
D:\VISUAL STUDIO 2010 PROJECTS\CZPLAYER3.0\LIBMAD.LIB
