生成启动时间为 2014/7/28 22:03:55。
     1>项目“D:\visual studio 2010 Projects\CZPlayer3.0\CZPlayer3.0\libogg\libogg.vcxproj”在节点 2 上(rebuild 个目标)。
     1>_PrepareForClean:
         正在删除文件“./libogg.lastbuildstate”。
     1>C:\Program Files (x86)\MSBuild\Microsoft.Cpp\v4.0\Microsoft.CppBuild.targets(299,5): warning MSB8004: Output 目录未以斜杠结尾。此生成实例将添加斜杠，因为必须有这个斜杠才能正确计算 Output 目录。
       InitializeBuildStatus:
         正在创建“./libogg.unsuccessfulbuild”，因为已指定“AlwaysCreate”。
       ClCompile:
         F:\Microsoft Visual Studio 10.0\vs2010\VC\bin\CL.exe /c /I. /ZI /nologo /W4 /WX- /Od /Oy- /D WIN32 /D _DEBUG /D _WINDOWS /D _USRDLL /D LIBOGG_EXPORTS /D _CRT_SECURE_NO_WARNINGS /D _VC80_UPGRADE=0x0710 /D _MBCS /Gm /EHsc /MDd /GS /fp:precise /Zc:wchar_t /Zc:forScope /Fo"./" /Fd"./vc100.pdb" /Gd /TC /analyze- /errorReport:prompt bitwise.c framing.c
         framing.c
         bitwise.c
         正在生成代码...
       Lib:
         F:\Microsoft Visual Studio 10.0\vs2010\VC\bin\Lib.exe /OUT:"../decodinglib\\libogg.lib" /NOLOGO ./bitwise.obj
         ./framing.obj
         libogg.vcxproj -> D:\visual studio 2010 Projects\CZPlayer3.0\CZPlayer3.0\libogg\../decodinglib\libogg.lib
       FinalizeBuildStatus:
         正在删除文件“./libogg.unsuccessfulbuild”。
         正在对“./libogg.lastbuildstate”执行 Touch 任务。
     1>已完成生成项目“D:\visual studio 2010 Projects\CZPlayer3.0\CZPlayer3.0\libogg\libogg.vcxproj”(rebuild 个目标)的操作。

生成成功。

已用时间 00:00:01.76
