D:\VISUAL STUDIO 2010 PROJECTS\CZPLAYER3.0\CZPLAYER3.0\LIBVORBIS\DEBUG\ANALYSIS.OBJ
D:\VISUAL STUDIO 2010 PROJECTS\CZPLAYER3.0\CZPLAYER3.0\LIBVORBIS\DEBUG\BITRATE.OBJ
D:\VISUAL STUDIO 2010 PROJECTS\CZPLAYER3.0\CZPLAYER3.0\LIBVORBIS\DEBUG\BLOCK.OBJ
D:\visual studio 2010 Projects\CZPlayer3.0\CZPlayer3.0\libvorbis\Debug\cl.command.1.tlog
D:\visual studio 2010 Projects\CZPlayer3.0\CZPlayer3.0\libvorbis\Debug\CL.read.1.tlog
D:\visual studio 2010 Projects\CZPlayer3.0\CZPlayer3.0\libvorbis\Debug\CL.write.1.tlog
D:\VISUAL STUDIO 2010 PROJECTS\CZPLAYER3.0\CZPLAYER3.0\LIBVORBIS\DEBUG\CODEBOOK.OBJ
D:\VISUAL STUDIO 2010 PROJECTS\CZPLAYER3.0\CZPLAYER3.0\LIBVORBIS\DEBUG\ENVELOPE.OBJ
D:\VISUAL STUDIO 2010 PROJECTS\CZPLAYER3.0\CZPLAYER3.0\LIBVORBIS\DEBUG\FLOOR0.OBJ
D:\VISUAL STUDIO 2010 PROJECTS\CZPLAYER3.0\CZPLAYER3.0\LIBVORBIS\DEBUG\FLOOR1.OBJ
D:\VISUAL STUDIO 2010 PROJECTS\CZPLAYER3.0\CZPLAYER3.0\LIBVORBIS\DEBUG\INFO.OBJ
D:\visual studio 2010 Projects\CZPlayer3.0\CZPlayer3.0\libvorbis\Debug\lib.command.1.tlog
D:\visual studio 2010 Projects\CZPlayer3.0\CZPlayer3.0\libvorbis\Debug\Lib-link.read.1.tlog
D:\visual studio 2010 Projects\CZPlayer3.0\CZPlayer3.0\libvorbis\Debug\Lib-link.write.1.tlog
D:\visual studio 2010 Projects\CZPlayer3.0\CZPlayer3.0\libvorbis\Debug\libvorbis.write.1.tlog
D:\VISUAL STUDIO 2010 PROJECTS\CZPLAYER3.0\CZPLAYER3.0\LIBVORBIS\DEBUG\LOOKUP.OBJ
D:\VISUAL STUDIO 2010 PROJECTS\CZPLAYER3.0\CZPLAYER3.0\LIBVORBIS\DEBUG\LPC.OBJ
D:\VISUAL STUDIO 2010 PROJECTS\CZPLAYER3.0\CZPLAYER3.0\LIBVORBIS\DEBUG\LSP.OBJ
D:\VISUAL STUDIO 2010 PROJECTS\CZPLAYER3.0\CZPLAYER3.0\LIBVORBIS\DEBUG\MAPPING0.OBJ
D:\VISUAL STUDIO 2010 PROJECTS\CZPLAYER3.0\CZPLAYER3.0\LIBVORBIS\DEBUG\MDCT.OBJ
D:\VISUAL STUDIO 2010 PROJECTS\CZPLAYER3.0\CZPLAYER3.0\LIBVORBIS\DEBUG\PSY.OBJ
D:\VISUAL STUDIO 2010 PROJECTS\CZPLAYER3.0\CZPLAYER3.0\LIBVORBIS\DEBUG\REGISTRY.OBJ
D:\VISUAL STUDIO 2010 PROJECTS\CZPLAYER3.0\CZPLAYER3.0\LIBVORBIS\DEBUG\RES0.OBJ
D:\VISUAL STUDIO 2010 PROJECTS\CZPLAYER3.0\CZPLAYER3.0\LIBVORBIS\DEBUG\SHAREDBOOK.OBJ
D:\VISUAL STUDIO 2010 PROJECTS\CZPLAYER3.0\CZPLAYER3.0\LIBVORBIS\DEBUG\SMALLFT.OBJ
D:\VISUAL STUDIO 2010 PROJECTS\CZPLAYER3.0\CZPLAYER3.0\LIBVORBIS\DEBUG\SYNTHESIS.OBJ
D:\visual studio 2010 Projects\CZPlayer3.0\CZPlayer3.0\libvorbis\Debug\vc100.idb
D:\VISUAL STUDIO 2010 PROJECTS\CZPLAYER3.0\CZPLAYER3.0\LIBVORBIS\DEBUG\VC100.PDB
D:\VISUAL STUDIO 2010 PROJECTS\CZPLAYER3.0\CZPLAYER3.0\LIBVORBIS\DEBUG\VORBISENC.OBJ
D:\VISUAL STUDIO 2010 PROJECTS\CZPLAYER3.0\CZPLAYER3.0\LIBVORBIS\DEBUG\VORBISFILE.OBJ
D:\VISUAL STUDIO 2010 PROJECTS\CZPLAYER3.0\CZPLAYER3.0\LIBVORBIS\DEBUG\WINDOW.OBJ
D:\VISUAL STUDIO 2010 PROJECTS\CZPLAYER3.0\LIBVORBIS.LIB
